2021-08-05 19:45:49 INFO  class:42 - In MainApplication -> For StudentDetails
2021-08-05 19:45:56 INFO  class:65 - In MainApplication -> LogOut
2021-08-05 20:13:30 INFO  class:42 - In MainApplication -> For StudentDetails
2021-08-05 20:13:32 INFO  class:58 - In studentApplication -> Delete Student
2021-08-06 11:45:55 INFO  class:40 - In MainApplication -> For StudentDetails
2021-08-06 11:45:57 INFO  class:68 - In studentApplication -> ListOf Students
2021-08-06 11:46:07 INFO  class:80 - In studentApplication -> Back to main
2021-08-06 11:46:08 INFO  class:48 - In MainApplication -> For SubjectDetails
2021-08-06 11:46:11 INFO  class:59 - In subjectApplication -> List Subjects
2021-08-06 11:46:17 INFO  class:71 - In subjectApplication -> Back to main
2021-08-06 11:46:19 INFO  class:54 - In MainApplication -> For Quiz
2021-08-06 11:46:22 INFO  class:50 - In quizApplication -> TakeQuiz
2021-08-06 11:46:41 INFO  class:54 - In quizApplication -> Result
2021-08-06 11:46:45 INFO  class:59 - In quizApplication -> Back to main
2021-08-06 11:46:45 INFO  class:60 - In MainApplication -> 
2021-08-06 14:16:58 INFO  class:41 - In MainApplication -> For StudentDetails
2021-08-06 14:16:59 INFO  class:69 - In studentApplication -> ListOf Students
2021-08-06 14:17:14 INFO  class:69 - In studentApplication -> ListOf Students
2021-08-06 14:17:49 INFO  class:41 - In MainApplication -> For StudentDetails
2021-08-06 14:17:50 INFO  class:69 - In studentApplication -> ListOf Students
2021-08-06 14:17:57 INFO  class:81 - In studentApplication -> Back to main
2021-08-06 14:17:59 INFO  class:49 - In MainApplication -> For SubjectDetails
2021-08-06 14:18:02 INFO  class:59 - In subjectApplication -> List Subjects
2021-08-06 14:18:09 INFO  class:71 - In subjectApplication -> Back to main
2021-08-06 14:18:12 INFO  class:55 - In MainApplication -> For Quiz
2021-08-06 14:18:14 INFO  class:54 - In quizApplication -> Result
2021-08-06 14:18:17 INFO  class:59 - In quizApplication -> Back to main
2021-08-06 14:18:17 INFO  class:61 - In MainApplication -> 
2021-08-06 17:02:57 INFO  class:43 - In MainApplication -> For StudentDetails
2021-08-06 17:03:12 INFO  class:28 - In studentApplication -> Add Students
2021-08-06 17:05:30 INFO  class:43 - In MainApplication -> For StudentDetails
2021-08-06 17:05:32 INFO  class:69 - In studentApplication -> ListOf Students
2021-08-07 00:18:39 INFO  class:54 - In MainApplication -> For Quiz
2021-08-07 00:18:39 INFO  class:60 - In MainApplication -> 
2021-08-07 00:20:45 INFO  class:65 - Invalid user or pass..
2021-08-07 00:21:43 INFO  class:54 - In MainApplication -> For Quiz
2021-08-07 00:21:48 INFO  class:40 - In quizApplication -> List ofQuizes
2021-08-07 00:22:16 INFO  class:40 - In quizApplication -> List ofQuizes
2021-08-07 00:22:19 WARN  class:152 - You cant able to see the quizes of that subject
2021-08-07 00:22:43 INFO  class:36 - In quizApplication -> DeleteQuiz
2021-08-07 00:22:43 WARN  class:121 - QuizId is not Found..
2021-08-07 00:24:20 INFO  class:54 - In MainApplication -> For Quiz
2021-08-07 00:24:25 INFO  class:36 - In quizApplication -> DeleteQuiz
2021-08-07 00:24:50 WARN  class:122 - QuizId is not Found..
2021-08-07 00:24:55 INFO  class:61 - In quizApplication -> Back to main
2021-08-07 00:24:55 INFO  class:60 - In MainApplication -> 
2021-08-07 00:45:17 INFO  class:54 - In MainApplication -> For Quiz
2021-08-07 00:45:22 INFO  class:40 - In quizApplication -> List ofQuizes
2021-08-07 00:45:24 WARN  class:155 - You cant able to see the quizes of other subject
2021-08-07 00:45:30 INFO  class:40 - In quizApplication -> List ofQuizes
2021-08-07 00:45:50 INFO  class:44 - In quizApplication -> AddQuestion
2021-08-07 00:45:50 WARN  class:186 - Quiz is not created to add the questions
2021-08-07 00:47:18 INFO  class:54 - In MainApplication -> For Quiz
2021-08-07 00:47:23 INFO  class:40 - In quizApplication -> List ofQuizes
2021-08-07 00:47:29 INFO  class:44 - In quizApplication -> AddQuestion
2021-08-07 00:47:32 WARN  class:187 - Quiz is not created to add the questions
2021-08-07 00:47:37 INFO  class:52 - In quizApplication -> TakeQuiz
2021-08-07 00:47:40 WARN  class:285 - Give correct quizId to take the quiz
2021-08-07 00:47:46 INFO  class:56 - In quizApplication -> Result
2021-08-07 00:47:49 INFO  class:61 - In quizApplication -> Back to main
2021-08-07 00:47:49 INFO  class:60 - In MainApplication -> 
2021-08-07 10:35:49 INFO  class:48 - In MainApplication -> For SubjectDetails
2021-08-07 10:36:03 INFO  class:60 - In MainApplication -> 
2021-08-07 10:37:58 INFO  class:48 - In MainApplication -> For SubjectDetails
2021-08-07 10:38:05 INFO  class:57 - In subjectApplication -> List Subjects
2021-08-07 10:38:14 INFO  class:31 - In subjectApplication -> Add Subjects
2021-08-07 10:38:27 INFO  class:52 - Subject is added successfully
2021-08-07 10:38:29 INFO  class:57 - In subjectApplication -> List Subjects
2021-08-07 10:38:35 INFO  class:57 - In subjectApplication -> List Subjects
2021-08-07 10:38:50 INFO  class:31 - In subjectApplication -> Add Subjects
2021-08-07 10:39:00 WARN  class:59 - Duplicate entry '1' for key 'subject.PRIMARY'
2021-08-07 10:41:59 INFO  class:69 - In subjectApplication -> Back to main
2021-08-07 10:42:01 INFO  class:60 - In MainApplication -> 
2021-08-07 10:45:31 INFO  class:48 - In MainApplication -> For SubjectDetails
2021-08-07 10:45:33 INFO  class:57 - In subjectApplication -> List Subjects
2021-08-07 10:45:59 INFO  class:69 - In subjectApplication -> Back to main
2021-08-07 10:46:01 INFO  class:54 - In MainApplication -> For Quiz
2021-08-07 10:47:17 INFO  class:61 - In quizApplication -> Back to main
2021-08-07 10:47:17 INFO  class:60 - In MainApplication -> 
2021-08-07 11:18:27 INFO  class:39 - In MainApplication -> For StudentDetails
2021-08-07 11:18:31 INFO  class:28 - In studentApplication -> Add Students
2021-08-07 11:18:42 WARN  class:58 - RollNo should not be negative and must be of 4 digits..
2021-08-07 11:18:47 INFO  class:69 - In studentApplication -> ListOf Students
2021-08-07 11:18:51 WARN  class:113 - Given class is not found 102
2021-08-07 11:19:25 INFO  class:60 - In studentApplication -> Delete Student
2021-08-07 11:19:29 INFO  class:83 - Student Id is not present
2021-08-07 11:19:34 INFO  class:69 - In studentApplication -> ListOf Students
2021-08-07 11:19:36 WARN  class:113 - Given class is not found 101
2021-08-07 11:21:33 INFO  class:28 - In studentApplication -> Add Students
2021-08-07 11:22:10 INFO  class:69 - In studentApplication -> ListOf Students
2021-08-07 11:22:20 INFO  class:75 - In studentApplication -> Update Student
2021-08-07 11:22:32 INFO  class:190 - Invalid RollNo
2021-08-07 11:22:35 INFO  class:81 - In studentApplication -> Back to main
2021-08-07 11:22:37 INFO  class:47 - In MainApplication -> For SubjectDetails
2021-08-07 11:22:43 INFO  class:50 - In subjectApplication -> Delete Subject
2021-08-07 11:23:38 INFO  class:69 - In subjectApplication -> Back to main
2021-08-07 11:23:39 INFO  class:59 - In MainApplication -> 
2021-08-07 11:23:56 INFO  class:46 - In MainApplication -> For SubjectDetails
2021-08-07 11:24:00 INFO  class:57 - In subjectApplication -> List Subjects
2021-08-07 11:24:04 INFO  class:50 - In subjectApplication -> Delete Subject
2021-08-07 11:24:11 WARN  class:82 - Subject Id is not found
2021-08-07 11:24:15 INFO  class:63 - In subjectApplication -> update Subjects
2021-08-07 11:24:18 INFO  class:69 - In subjectApplication -> Back to main
2021-08-07 11:24:20 INFO  class:52 - In MainApplication -> For Quiz
2021-08-07 11:24:23 INFO  class:40 - In quizApplication -> List ofQuizes
2021-08-07 11:24:29 INFO  class:36 - In quizApplication -> DeleteQuiz
2021-08-07 11:24:32 WARN  class:125 - QuizId is not Found..
2021-08-07 11:24:40 INFO  class:56 - In quizApplication -> Result
2021-08-07 11:24:42 INFO  class:61 - In quizApplication -> Back to main
2021-08-07 11:24:42 INFO  class:58 - In MainApplication -> 
2021-08-07 11:26:01 INFO  class:38 - In MainApplication -> For StudentDetails
2021-08-07 11:27:09 INFO  class:38 - In MainApplication -> For StudentDetails
2021-08-07 11:27:10 WARN  class:87 - Enter valid choice (1-5)
2021-08-07 11:28:23 INFO  class:81 - In studentApplication -> Back to main
2021-08-07 11:28:24 INFO  class:58 - In MainApplication -> 
2021-08-07 11:29:42 INFO  class:38 - In MainApplication -> For StudentDetails
2021-08-07 11:29:44 INFO  class:69 - In studentApplication -> ListOf Students
2021-08-07 11:29:47 WARN  class:115 - Given class is not found 101
2021-08-07 11:31:13 INFO  class:38 - In MainApplication -> For StudentDetails
2021-08-07 11:31:15 INFO  class:69 - In studentApplication -> ListOf Students
2021-08-07 11:31:18 WARN  class:115 - Given class is not found 101
2021-08-07 11:31:21 INFO  class:28 - In studentApplication -> Add Students
2021-08-07 11:31:50 INFO  class:69 - In studentApplication -> ListOf Students
2021-08-07 11:31:57 INFO  class:81 - In studentApplication -> Back to main
2021-08-07 11:31:59 INFO  class:58 - In MainApplication -> 
2021-08-07 11:32:23 INFO  class:38 - In MainApplication -> For StudentDetails
2021-08-07 11:32:24 INFO  class:69 - In studentApplication -> ListOf Students
2021-08-07 11:32:25 WARN  class:115 - Given class is not found 101
2021-08-07 11:32:35 INFO  class:81 - In studentApplication -> Back to main
2021-08-07 11:32:37 INFO  class:46 - In MainApplication -> For SubjectDetails
2021-08-07 11:32:40 INFO  class:57 - In subjectApplication -> List Subjects
2021-08-07 11:35:04 INFO  class:38 - In MainApplication -> For StudentDetails
2021-08-07 11:35:05 INFO  class:69 - In studentApplication -> ListOf Students
2021-08-07 11:36:15 INFO  class:38 - In MainApplication -> For StudentDetails
2021-08-07 11:36:17 INFO  class:69 - In studentApplication -> ListOf Students
2021-08-07 11:36:23 INFO  class:81 - In studentApplication -> Back to main
2021-08-07 11:36:25 INFO  class:46 - In MainApplication -> For SubjectDetails
2021-08-07 11:36:28 INFO  class:57 - In subjectApplication -> List Subjects
2021-08-07 11:36:32 INFO  class:69 - In subjectApplication -> Back to main
2021-08-07 11:36:34 INFO  class:52 - In MainApplication -> For Quiz
2021-08-07 11:36:37 INFO  class:40 - In quizApplication -> List ofQuizes
2021-08-07 11:36:39 WARN  class:155 - You cant able to see the quizes of other subject
2021-08-07 11:36:44 INFO  class:40 - In quizApplication -> List ofQuizes
2021-08-07 11:36:52 INFO  class:56 - In quizApplication -> Result
2021-08-07 11:36:59 INFO  class:61 - In quizApplication -> Back to main
2021-08-07 11:36:59 INFO  class:58 - In MainApplication -> 
2021-08-07 11:38:55 INFO  class:52 - In MainApplication -> For Quiz
2021-08-07 11:39:01 INFO  class:40 - In quizApplication -> List ofQuizes
2021-08-07 11:39:09 INFO  class:56 - In quizApplication -> Result
2021-08-07 11:39:09 WARN  class:308 - You have an error in your SQL syntax; check the manual that corresponds to your MySQL server version for the right syntax to use near '' at line 1
2021-08-07 11:40:37 INFO  class:52 - In MainApplication -> For Quiz
2021-08-07 11:40:39 INFO  class:56 - In quizApplication -> Result
2021-08-07 11:40:44 WARN  class:309 - You have an error in your SQL syntax; check the manual that corresponds to your MySQL server version for the right syntax to use near '?' at line 1
2021-08-07 11:42:52 INFO  class:52 - In MainApplication -> For Quiz
2021-08-07 11:42:53 INFO  class:56 - In quizApplication -> Result
2021-08-07 11:42:55 WARN  class:310 - Unknown column 'M01' in 'where clause'
2021-08-07 11:45:05 INFO  class:52 - In MainApplication -> For Quiz
2021-08-07 11:45:07 INFO  class:56 - In quizApplication -> Result
2021-08-07 11:45:12 WARN  class:311 - Unknown column 'M01' in 'where clause'
2021-08-07 11:45:20 INFO  class:40 - In quizApplication -> List ofQuizes
2021-08-07 11:47:52 INFO  class:52 - In MainApplication -> For Quiz
2021-08-07 11:47:54 INFO  class:56 - In quizApplication -> Result
2021-08-07 11:47:57 WARN  class:310 - Unknown column 'M01' in 'where clause'
2021-08-07 11:48:59 INFO  class:52 - In MainApplication -> For Quiz
2021-08-07 11:49:00 INFO  class:56 - In quizApplication -> Result
2021-08-07 11:55:49 INFO  class:61 - In quizApplication -> Back to main
2021-08-07 11:55:49 INFO  class:58 - In MainApplication -> 
2021-08-07 14:13:17 INFO  class:38 - In MainApplication -> For StudentDetails
2021-08-07 14:13:24 INFO  class:68 - In studentApplication -> ListOf Students
2021-08-07 14:13:37 INFO  class:80 - In studentApplication -> Back to main
2021-08-07 14:13:39 INFO  class:46 - In MainApplication -> For SubjectDetails
2021-08-07 14:13:42 INFO  class:57 - In subjectApplication -> List Subjects
2021-08-07 14:14:09 INFO  class:69 - In subjectApplication -> Back to main
2021-08-07 14:14:11 INFO  class:52 - In MainApplication -> For Quiz
2021-08-07 14:14:15 INFO  class:39 - In quizApplication -> List ofQuizes
2021-08-07 14:14:41 INFO  class:51 - In quizApplication -> TakeQuiz
2021-08-07 14:14:41 WARN  class:257 - Give correct quizId to take the quiz
2021-08-07 14:16:33 INFO  class:52 - In MainApplication -> For Quiz
2021-08-07 14:16:35 INFO  class:51 - In quizApplication -> TakeQuiz
2021-08-07 14:16:47 WARN  class:258 - Give correct quizId to take the quiz
2021-08-07 14:16:56 INFO  class:39 - In quizApplication -> List ofQuizes
2021-08-07 14:21:30 INFO  class:52 - In MainApplication -> For Quiz
2021-08-07 14:21:32 INFO  class:51 - In quizApplication -> TakeQuiz
2021-08-07 14:21:55 INFO  class:60 - In quizApplication -> Back to main
2021-08-07 14:21:55 INFO  class:58 - In MainApplication -> 
2021-08-07 14:25:07 INFO  class:52 - In MainApplication -> For Quiz
2021-08-07 14:25:10 INFO  class:51 - In quizApplication -> TakeQuiz
2021-08-07 14:25:17 WARN  class:256 - Give correct quizId to take the quiz
2021-08-07 14:25:24 INFO  class:39 - In quizApplication -> List ofQuizes
2021-08-07 14:25:31 INFO  class:51 - In quizApplication -> TakeQuiz
2021-08-07 14:25:31 WARN  class:256 - Give correct quizId to take the quiz
2021-08-07 14:25:40 INFO  class:60 - In quizApplication -> Back to main
2021-08-07 14:25:40 INFO  class:58 - In MainApplication -> 
2021-08-07 14:26:43 INFO  class:52 - In MainApplication -> For Quiz
2021-08-07 14:26:46 INFO  class:51 - In quizApplication -> TakeQuiz
2021-08-07 14:26:50 WARN  class:257 - Give correct quizId to take the quiz
2021-08-07 14:27:41 INFO  class:52 - In MainApplication -> For Quiz
2021-08-07 14:27:44 INFO  class:51 - In quizApplication -> TakeQuiz
2021-08-07 14:27:49 WARN  class:257 - Give correct quizId to take the quiz
2021-08-07 14:30:55 INFO  class:52 - In MainApplication -> For Quiz
2021-08-07 14:30:58 INFO  class:51 - In quizApplication -> TakeQuiz
2021-08-07 14:31:47 WARN  class:255 - Cannot add or update a child row: a foreign key constraint fails (`quiz`.`result`, CONSTRAINT `result_ibfk_1` FOREIGN KEY (`studId`) REFERENCES `student` (`id`))
2021-08-07 14:31:52 INFO  class:55 - In quizApplication -> Result
2021-08-07 14:35:18 INFO  class:52 - In MainApplication -> For Quiz
2021-08-07 14:35:21 INFO  class:51 - In quizApplication -> TakeQuiz
2021-08-07 14:35:29 WARN  class:257 - Give correct quizId or RollNo to take the quiz
2021-08-07 14:35:37 INFO  class:51 - In quizApplication -> TakeQuiz
2021-08-07 14:35:46 WARN  class:257 - Give correct quizId or RollNo to take the quiz
2021-08-07 14:35:50 INFO  class:60 - In quizApplication -> Back to main
2021-08-07 14:35:50 INFO  class:58 - In MainApplication -> 
2021-08-07 14:45:02 INFO  class:52 - In MainApplication -> For Quiz
2021-08-07 14:45:10 INFO  class:39 - In quizApplication -> List ofQuizes
2021-08-07 14:45:14 INFO  class:55 - In quizApplication -> Result
2021-08-07 14:46:15 INFO  class:52 - In MainApplication -> For Quiz
2021-08-07 14:46:16 INFO  class:55 - In quizApplication -> Result
2021-08-07 14:58:21 INFO  class:46 - In MainApplication -> For SubjectDetails
2021-08-07 14:58:27 INFO  class:31 - In subjectApplication -> Add Subjects
2021-08-07 14:58:33 WARN  class:70 - Column count doesn't match value count at row 1
2021-08-07 14:59:34 INFO  class:46 - In MainApplication -> For SubjectDetails
2021-08-07 14:59:35 INFO  class:31 - In subjectApplication -> Add Subjects
2021-08-07 14:59:41 WARN  class:71 - Column count doesn't match value count at row 1
2021-08-07 14:59:46 INFO  class:53 - In subjectApplication -> List Subjects
2021-08-07 15:01:25 INFO  class:46 - In MainApplication -> For SubjectDetails
2021-08-07 15:01:26 INFO  class:31 - In subjectApplication -> Add Subjects
2021-08-07 15:01:30 WARN  class:65 - Column count doesn't match value count at row 1
2021-08-07 15:07:24 INFO  class:52 - In MainApplication -> For Quiz
2021-08-07 15:07:27 INFO  class:51 - In quizApplication -> TakeQuiz
2021-08-07 15:07:44 INFO  class:55 - In quizApplication -> Result
2021-08-07 15:59:00 INFO  class:46 - In MainApplication -> For SubjectDetails
2021-08-07 15:59:00 INFO  class:31 - In subjectApplication -> Add Subjects
2021-08-07 16:01:11 INFO  class:46 - In MainApplication -> For SubjectDetails
2021-08-07 16:01:13 INFO  class:31 - In subjectApplication -> Add Subjects
2021-08-07 16:01:19 INFO  class:58 - Subject is added successfully
2021-08-07 16:01:21 INFO  class:56 - In subjectApplication -> List Subjects
2021-08-07 16:01:23 INFO  class:68 - In subjectApplication -> Back to main
2021-08-07 16:01:25 INFO  class:52 - In MainApplication -> For Quiz
2021-08-07 16:01:29 INFO  class:39 - In quizApplication -> List ofQuizes
2021-08-07 16:01:35 INFO  class:55 - In quizApplication -> Result
2021-08-07 16:01:43 INFO  class:60 - In quizApplication -> Back to main
2021-08-07 16:01:43 INFO  class:58 - In MainApplication -> 
2021-08-08 16:53:00 INFO  class:25 - In QuizServiceImp -> checkTeacher
2021-08-08 16:53:00 INFO  class:33 - In QuizDaoImp->checkteacher
2021-08-08 16:53:13 INFO  class:38 - In MainApplication -> For StudentDetails
2021-08-08 16:53:26 INFO  class:28 - In studentApplication -> Add Students
2021-08-08 16:54:21 INFO  class:16 - In studentController -> addStudent method
2021-08-08 16:54:21 INFO  class:17 - In StudentServiceImp->addStudent method
2021-08-08 16:54:21 INFO  class:37 - In StudentDaoImp->addStudent
2021-08-08 16:54:25 INFO  class:28 - In studentApplication -> Add Students
2021-08-08 16:54:47 INFO  class:16 - In studentController -> addStudent method
2021-08-08 16:54:47 INFO  class:17 - In StudentServiceImp->addStudent method
2021-08-08 16:54:47 INFO  class:37 - In StudentDaoImp->addStudent
2021-08-08 16:54:49 INFO  class:59 - In studentApplication -> Delete Student
2021-08-08 16:55:01 INFO  class:21 - In studentController -> deleteStudent method
2021-08-08 16:55:01 INFO  class:22 - In StudentServiceImp->deleteStudent method
2021-08-08 16:55:01 INFO  class:63 - In StudentDaoImp->deleteStudent
2021-08-08 16:55:01 INFO  class:76 - Student Id is not present
2021-08-08 16:58:06 INFO  class:25 - In QuizServiceImp -> checkTeacher
2021-08-08 16:58:06 INFO  class:33 - In QuizDaoImp->checkteacher
2021-08-08 16:58:20 INFO  class:38 - In MainApplication -> For StudentDetails
2021-08-08 16:58:22 INFO  class:28 - In studentApplication -> Add Students
2021-08-08 16:58:44 INFO  class:16 - In studentController -> addStudent method
2021-08-08 16:58:44 INFO  class:17 - In StudentServiceImp->addStudent method
2021-08-08 16:58:44 INFO  class:37 - In StudentDaoImp->addStudent
2021-08-08 16:58:46 INFO  class:59 - In studentApplication -> Delete Student
2021-08-08 16:58:48 INFO  class:21 - In studentController -> deleteStudent method
2021-08-08 16:58:48 INFO  class:22 - In StudentServiceImp->deleteStudent method
2021-08-08 16:58:48 INFO  class:63 - In StudentDaoImp->deleteStudent
2021-08-08 16:58:48 INFO  class:76 - Cannot delete or update a parent row: a foreign key constraint fails (`quiz`.`result`, CONSTRAINT `result_ibfk_1` FOREIGN KEY (`studId`) REFERENCES `student` (`id`))
2021-08-08 16:59:24 INFO  class:68 - In studentApplication -> ListOf Students
2021-08-08 16:59:24 INFO  class:26 - In studentController -> retrieveStudent method
2021-08-08 16:59:24 INFO  class:27 - In StudentServiceImp->retrieveStudent method
2021-08-08 16:59:24 INFO  class:82 - In StudentDaoImp->listStudent
2021-08-08 16:59:31 INFO  class:74 - In studentApplication -> Update Student
2021-08-08 16:59:31 INFO  class:31 - In studentController -> updateStudent method
2021-08-08 16:59:31 INFO  class:32 - In StudentServiceImp->updateStudent method
2021-08-08 16:59:31 INFO  class:107 - In StudentDaoImp->updateStudent
2021-08-08 16:59:36 INFO  class:175 - Invalid RollNo
2021-08-08 17:09:12 INFO  class:25 - In QuizServiceImp -> checkTeacher
2021-08-08 17:09:12 INFO  class:33 - In QuizDaoImp->checkteacher
2021-08-08 17:09:23 INFO  class:38 - In MainApplication -> For StudentDetails
2021-08-08 17:09:29 INFO  class:28 - In studentApplication -> Add Students
2021-08-08 17:09:58 INFO  class:16 - In studentController -> addStudent method
2021-08-08 17:09:58 INFO  class:17 - In StudentServiceImp->addStudent method
2021-08-08 17:09:58 INFO  class:37 - In StudentDaoImp->addStudent
2021-08-08 17:10:00 INFO  class:59 - In studentApplication -> Delete Student
2021-08-08 17:11:14 INFO  class:25 - In QuizServiceImp -> checkTeacher
2021-08-08 17:11:14 INFO  class:33 - In QuizDaoImp->checkteacher
2021-08-08 17:11:18 INFO  class:38 - In MainApplication -> For StudentDetails
2021-08-08 17:11:20 INFO  class:68 - In studentApplication -> ListOf Students
2021-08-08 17:11:20 INFO  class:26 - In studentController -> retrieveStudent method
2021-08-08 17:11:20 INFO  class:27 - In StudentServiceImp->retrieveStudent method
2021-08-08 17:11:20 INFO  class:83 - In StudentDaoImp->listStudent
2021-08-08 17:11:26 INFO  class:59 - In studentApplication -> Delete Student
2021-08-08 17:11:31 INFO  class:21 - In studentController -> deleteStudent method
2021-08-08 17:11:31 INFO  class:22 - In StudentServiceImp->deleteStudent method
2021-08-08 17:11:31 INFO  class:63 - In StudentDaoImp->deleteStudent
2021-08-08 17:11:31 INFO  class:77 - Cannot delete or update a parent row: a foreign key constraint fails (`quiz`.`result`, CONSTRAINT `result_ibfk_1` FOREIGN KEY (`studId`) REFERENCES `student` (`id`))
2021-08-08 17:11:52 INFO  class:74 - In studentApplication -> Update Student
2021-08-08 17:11:52 INFO  class:31 - In studentController -> updateStudent method
2021-08-08 17:11:52 INFO  class:32 - In StudentServiceImp->updateStudent method
2021-08-08 17:11:52 INFO  class:109 - In StudentDaoImp->updateStudent
2021-08-08 17:12:05 INFO  class:68 - In studentApplication -> ListOf Students
2021-08-08 17:12:05 INFO  class:26 - In studentController -> retrieveStudent method
2021-08-08 17:12:05 INFO  class:27 - In StudentServiceImp->retrieveStudent method
2021-08-08 17:12:05 INFO  class:83 - In StudentDaoImp->listStudent
2021-08-08 17:15:51 INFO  class:25 - In QuizServiceImp -> checkTeacher
2021-08-08 17:15:51 INFO  class:33 - In QuizDaoImp->checkteacher
2021-08-08 17:15:55 INFO  class:38 - In MainApplication -> For StudentDetails
2021-08-08 17:15:57 INFO  class:65 - In studentApplication -> ListOf Students
2021-08-08 17:15:57 INFO  class:26 - In studentController -> retrieveStudent method
2021-08-08 17:15:57 INFO  class:27 - In StudentServiceImp->retrieveStudent method
2021-08-08 17:15:57 INFO  class:86 - In StudentDaoImp->listStudent
2021-08-08 17:16:04 INFO  class:59 - In studentApplication -> Delete Student
2021-08-08 17:16:04 INFO  class:21 - In studentController -> deleteStudent method
2021-08-08 17:16:04 INFO  class:22 - In StudentServiceImp->deleteStudent method
2021-08-08 17:16:04 INFO  class:63 - In StudentDaoImp->deleteStudent
2021-08-08 17:16:16 INFO  class:65 - In studentApplication -> ListOf Students
2021-08-08 17:16:16 INFO  class:26 - In studentController -> retrieveStudent method
2021-08-08 17:16:16 INFO  class:27 - In StudentServiceImp->retrieveStudent method
2021-08-08 17:16:16 INFO  class:86 - In StudentDaoImp->listStudent
2021-08-08 17:16:24 INFO  class:77 - In studentApplication -> Back to main
2021-08-08 17:16:26 INFO  class:46 - In MainApplication -> For SubjectDetails
2021-08-08 17:16:26 INFO  class:16 - In SubjectController -> classNumList method
2021-08-08 17:16:26 INFO  class:18 - In subjectServiceImp -> classNumList method
2021-08-08 17:16:26 INFO  class:28 - In SubjectDaoImp->classNumList
2021-08-08 17:16:36 INFO  class:56 - In subjectApplication -> List Subjects
2021-08-08 17:16:36 INFO  class:31 - In SubjectController -> listsubject method
2021-08-08 17:16:36 INFO  class:33 - In subjectServiceImp -> listSubject method
2021-08-08 17:16:36 INFO  class:94 - In SubjectDaoImp->listSubject
2021-08-08 17:16:40 INFO  class:31 - In subjectApplication -> Add Subjects
2021-08-08 17:17:06 INFO  class:21 - In SubjectController -> addSubject method
2021-08-08 17:17:06 INFO  class:23 - In subjectServiceImp -> addSubject method
2021-08-08 17:17:06 INFO  class:41 - In SubjectDaoImp->addSubject
2021-08-08 17:17:06 INFO  class:60 - Subject is added successfully
2021-08-08 17:17:08 INFO  class:56 - In subjectApplication -> List Subjects
2021-08-08 17:17:08 INFO  class:31 - In SubjectController -> listsubject method
2021-08-08 17:17:08 INFO  class:33 - In subjectServiceImp -> listSubject method
2021-08-08 17:17:08 INFO  class:94 - In SubjectDaoImp->listSubject
2021-08-08 17:17:17 INFO  class:31 - In subjectApplication -> Add Subjects
2021-08-08 17:17:28 INFO  class:21 - In SubjectController -> addSubject method
2021-08-08 17:17:28 INFO  class:23 - In subjectServiceImp -> addSubject method
2021-08-08 17:17:28 INFO  class:41 - In SubjectDaoImp->addSubject
2021-08-08 17:17:28 INFO  class:60 - Subject is added successfully
2021-08-08 17:17:30 INFO  class:49 - In subjectApplication -> Delete Subject
2021-08-08 17:17:30 INFO  class:26 - In SubjectController -> removeSubject method
2021-08-08 17:17:30 INFO  class:28 - In subjectServiceImp -> removeSubject method
2021-08-08 17:17:30 INFO  class:73 - In SubjectDaoImp->removeSubject
2021-08-08 17:17:35 INFO  class:56 - In subjectApplication -> List Subjects
2021-08-08 17:17:35 INFO  class:31 - In SubjectController -> listsubject method
2021-08-08 17:17:35 INFO  class:33 - In subjectServiceImp -> listSubject method
2021-08-08 17:17:35 INFO  class:94 - In SubjectDaoImp->listSubject
2021-08-08 17:17:40 INFO  class:64 - In subjectApplication -> Back to main
2021-08-08 17:17:42 INFO  class:58 - In MainApplication -> 
2021-08-08 17:22:16 INFO  class:25 - In QuizServiceImp -> checkTeacher
2021-08-08 17:22:16 INFO  class:33 - In QuizDaoImp->checkteacher
2021-08-08 17:22:19 INFO  class:46 - In MainApplication -> For SubjectDetails
2021-08-08 17:22:19 INFO  class:16 - In SubjectController -> classNumList method
2021-08-08 17:22:19 INFO  class:18 - In subjectServiceImp -> classNumList method
2021-08-08 17:22:19 INFO  class:28 - In SubjectDaoImp->classNumList
2021-08-08 17:22:23 INFO  class:30 - In subjectApplication -> Add Subjects
2021-08-08 17:22:33 INFO  class:21 - In SubjectController -> addSubject method
2021-08-08 17:22:33 INFO  class:23 - In subjectServiceImp -> addSubject method
2021-08-08 17:22:33 INFO  class:41 - In SubjectDaoImp->addSubject
2021-08-08 17:22:33 INFO  class:49 - Subject is added successfully
2021-08-08 17:22:36 INFO  class:48 - In subjectApplication -> List Subjects
2021-08-08 17:22:36 INFO  class:31 - In SubjectController -> listsubject method
2021-08-08 17:22:36 INFO  class:33 - In subjectServiceImp -> listSubject method
2021-08-08 17:22:36 INFO  class:83 - In SubjectDaoImp->listSubject
2021-08-08 17:22:43 INFO  class:60 - In subjectApplication -> Back to main
2021-08-08 17:22:47 INFO  class:58 - In MainApplication -> 
2021-08-08 17:23:47 INFO  class:25 - In QuizServiceImp -> checkTeacher
2021-08-08 17:23:47 INFO  class:33 - In QuizDaoImp->checkteacher
2021-08-08 17:23:50 INFO  class:46 - In MainApplication -> For SubjectDetails
2021-08-08 17:23:50 INFO  class:16 - In SubjectController -> classNumList method
2021-08-08 17:23:50 INFO  class:18 - In subjectServiceImp -> classNumList method
2021-08-08 17:23:50 INFO  class:28 - In SubjectDaoImp->classNumList
2021-08-08 17:23:53 INFO  class:53 - In subjectApplication -> Delete Subject
2021-08-08 17:23:53 INFO  class:26 - In SubjectController -> removeSubject method
2021-08-08 17:23:53 INFO  class:28 - In subjectServiceImp -> removeSubject method
2021-08-08 17:23:53 INFO  class:62 - In SubjectDaoImp->removeSubject
2021-08-08 17:23:55 WARN  class:75 - Subject Id is not found
2021-08-08 17:24:02 INFO  class:48 - In subjectApplication -> List Subjects
2021-08-08 17:24:02 INFO  class:31 - In SubjectController -> listsubject method
2021-08-08 17:24:02 INFO  class:33 - In subjectServiceImp -> listSubject method
2021-08-08 17:24:02 INFO  class:83 - In SubjectDaoImp->listSubject
2021-08-08 17:24:04 INFO  class:53 - In subjectApplication -> Delete Subject
2021-08-08 17:24:04 INFO  class:26 - In SubjectController -> removeSubject method
2021-08-08 17:24:04 INFO  class:28 - In subjectServiceImp -> removeSubject method
2021-08-08 17:24:04 INFO  class:62 - In SubjectDaoImp->removeSubject
2021-08-08 17:24:12 INFO  class:48 - In subjectApplication -> List Subjects
2021-08-08 17:24:12 INFO  class:31 - In SubjectController -> listsubject method
2021-08-08 17:24:12 INFO  class:33 - In subjectServiceImp -> listSubject method
2021-08-08 17:24:12 INFO  class:83 - In SubjectDaoImp->listSubject
2021-08-08 17:24:14 INFO  class:60 - In subjectApplication -> Back to main
2021-08-08 17:24:16 INFO  class:58 - In MainApplication -> 
2021-08-08 17:27:03 INFO  class:25 - In QuizServiceImp -> checkTeacher
2021-08-08 17:27:03 INFO  class:33 - In QuizDaoImp->checkteacher
2021-08-08 17:27:08 INFO  class:52 - In MainApplication -> For Quiz
2021-08-08 17:27:21 INFO  class:31 - In quizApplication -> AddQuiz
2021-08-08 17:27:21 INFO  class:32 - In QuizServiceImp ->addQuiz
2021-08-08 17:27:21 INFO  class:68 - In QuizDaoImp->addQuiz
2021-08-08 17:28:07 INFO  class:25 - In QuizServiceImp -> checkTeacher
2021-08-08 17:28:07 INFO  class:33 - In QuizDaoImp->checkteacher
2021-08-08 17:28:10 INFO  class:52 - In MainApplication -> For Quiz
2021-08-08 17:28:13 INFO  class:31 - In quizApplication -> AddQuiz
2021-08-08 17:28:13 INFO  class:32 - In QuizServiceImp ->addQuiz
2021-08-08 17:28:13 INFO  class:68 - In QuizDaoImp->addQuiz
2021-08-08 17:28:40 INFO  class:96 - You are not able to create quiz for this subject
2021-08-08 17:30:38 INFO  class:25 - In QuizServiceImp -> checkTeacher
2021-08-08 17:30:38 INFO  class:33 - In QuizDaoImp->checkteacher
2021-08-08 17:30:43 INFO  class:52 - In MainApplication -> For Quiz
2021-08-08 17:30:44 INFO  class:31 - In quizApplication -> AddQuiz
2021-08-08 17:30:44 INFO  class:32 - In QuizServiceImp ->addQuiz
2021-08-08 17:30:44 INFO  class:68 - In QuizDaoImp->addQuiz
2021-08-08 17:30:46 INFO  class:96 - You are not able to create quiz for this subjectId1
2021-08-08 17:30:55 INFO  class:31 - In quizApplication -> AddQuiz
2021-08-08 17:30:55 INFO  class:32 - In QuizServiceImp ->addQuiz
2021-08-08 17:30:55 INFO  class:68 - In QuizDaoImp->addQuiz
2021-08-08 17:31:40 INFO  class:35 - In quizApplication -> List ofQuizes
2021-08-08 17:31:40 INFO  class:42 - In QuizServiceImp ->listQuiz
2021-08-08 17:31:40 INFO  class:121 - In QuizDaoImp->listQuiz
2021-08-08 17:31:43 WARN  class:142 - You cant able to see the quizes of other subject
2021-08-08 17:31:48 INFO  class:35 - In quizApplication -> List ofQuizes
2021-08-08 17:31:48 INFO  class:42 - In QuizServiceImp ->listQuiz
2021-08-08 17:31:48 INFO  class:121 - In QuizDaoImp->listQuiz
2021-08-08 17:36:46 INFO  class:25 - In QuizServiceImp -> checkTeacher
2021-08-08 17:36:46 INFO  class:33 - In QuizDaoImp->checkteacher
2021-08-08 17:36:49 INFO  class:52 - In MainApplication -> For Quiz
2021-08-08 17:36:51 INFO  class:31 - In quizApplication -> AddQuiz
2021-08-08 17:36:51 INFO  class:32 - In QuizServiceImp ->addQuiz
2021-08-08 17:36:51 INFO  class:68 - In QuizDaoImp->addQuiz
2021-08-08 17:37:07 INFO  class:35 - In quizApplication -> List ofQuizes
2021-08-08 17:37:07 INFO  class:42 - In QuizServiceImp ->listQuiz
2021-08-08 17:37:07 INFO  class:122 - In QuizDaoImp->listQuiz
2021-08-08 17:37:55 INFO  class:43 - In quizApplication -> AddQuestion
2021-08-08 17:37:55 INFO  class:50 - In QuizServiceImp ->addQuestion
2021-08-08 17:37:55 INFO  class:149 - In QuizDaoImp->addQuestion
2021-08-08 17:40:08 INFO  class:43 - In quizApplication -> AddQuestion
2021-08-08 17:40:08 INFO  class:50 - In QuizServiceImp ->addQuestion
2021-08-08 17:40:08 INFO  class:149 - In QuizDaoImp->addQuestion
2021-08-08 17:41:49 INFO  class:47 - In quizApplication -> AddAnswer
2021-08-08 17:41:49 INFO  class:55 - In QuizServiceImp ->addAnswer
2021-08-08 17:41:49 INFO  class:178 - In QuizDaoImp->addAnswer
2021-08-08 17:42:47 INFO  class:47 - In quizApplication -> AddAnswer
2021-08-08 17:42:47 INFO  class:55 - In QuizServiceImp ->addAnswer
2021-08-08 17:42:47 INFO  class:178 - In QuizDaoImp->addAnswer
2021-08-08 17:43:45 INFO  class:43 - In quizApplication -> AddQuestion
2021-08-08 17:43:45 INFO  class:50 - In QuizServiceImp ->addQuestion
2021-08-08 17:43:45 INFO  class:149 - In QuizDaoImp->addQuestion
2021-08-08 17:44:37 INFO  class:47 - In quizApplication -> AddAnswer
2021-08-08 17:44:37 INFO  class:55 - In QuizServiceImp ->addAnswer
2021-08-08 17:44:37 INFO  class:178 - In QuizDaoImp->addAnswer
2021-08-08 17:45:52 INFO  class:43 - In quizApplication -> AddQuestion
2021-08-08 17:45:52 INFO  class:50 - In QuizServiceImp ->addQuestion
2021-08-08 17:45:52 INFO  class:149 - In QuizDaoImp->addQuestion
2021-08-08 17:46:17 INFO  class:47 - In quizApplication -> AddAnswer
2021-08-08 17:46:17 INFO  class:55 - In QuizServiceImp ->addAnswer
2021-08-08 17:46:17 INFO  class:178 - In QuizDaoImp->addAnswer
2021-08-08 17:49:02 INFO  class:43 - In quizApplication -> AddQuestion
2021-08-08 17:49:02 INFO  class:50 - In QuizServiceImp ->addQuestion
2021-08-08 17:49:02 INFO  class:149 - In QuizDaoImp->addQuestion
2021-08-08 17:50:10 INFO  class:47 - In quizApplication -> AddAnswer
2021-08-08 17:50:10 INFO  class:55 - In QuizServiceImp ->addAnswer
2021-08-08 17:50:10 INFO  class:178 - In QuizDaoImp->addAnswer
2021-08-08 17:50:54 INFO  class:43 - In quizApplication -> AddQuestion
2021-08-08 17:50:54 INFO  class:50 - In QuizServiceImp ->addQuestion
2021-08-08 17:50:54 INFO  class:149 - In QuizDaoImp->addQuestion
2021-08-08 17:51:24 INFO  class:47 - In quizApplication -> AddAnswer
2021-08-08 17:51:24 INFO  class:55 - In QuizServiceImp ->addAnswer
2021-08-08 17:51:24 INFO  class:178 - In QuizDaoImp->addAnswer
2021-08-08 17:52:23 INFO  class:43 - In quizApplication -> AddQuestion
2021-08-08 17:52:23 INFO  class:50 - In QuizServiceImp ->addQuestion
2021-08-08 17:52:23 INFO  class:149 - In QuizDaoImp->addQuestion
2021-08-08 17:52:55 INFO  class:47 - In quizApplication -> AddAnswer
2021-08-08 17:52:55 INFO  class:55 - In QuizServiceImp ->addAnswer
2021-08-08 17:52:55 INFO  class:178 - In QuizDaoImp->addAnswer
2021-08-08 17:56:00 INFO  class:43 - In quizApplication -> AddQuestion
2021-08-08 17:56:00 INFO  class:50 - In QuizServiceImp ->addQuestion
2021-08-08 17:56:00 INFO  class:149 - In QuizDaoImp->addQuestion
2021-08-08 17:56:27 INFO  class:47 - In quizApplication -> AddAnswer
2021-08-08 17:56:27 INFO  class:55 - In QuizServiceImp ->addAnswer
2021-08-08 17:56:28 INFO  class:178 - In QuizDaoImp->addAnswer
2021-08-08 17:58:13 INFO  class:51 - In quizApplication -> TakeQuiz
2021-08-08 17:58:13 INFO  class:60 - In QuizServiceImp ->takeQuiz
2021-08-08 17:58:13 INFO  class:214 - In QuizDaoImp->takeQuiz
2021-08-08 17:59:20 INFO  class:55 - In quizApplication -> Result
2021-08-08 17:59:20 INFO  class:65 - In QuizServiceImp -> Result
2021-08-08 17:59:20 INFO  class:276 - In QuizDaoImp->Result
2021-08-08 18:02:02 INFO  class:25 - In QuizServiceImp -> checkTeacher
2021-08-08 18:02:02 INFO  class:33 - In QuizDaoImp->checkteacher
2021-08-08 18:02:05 INFO  class:52 - In MainApplication -> For Quiz
2021-08-08 18:02:07 INFO  class:55 - In quizApplication -> Result
2021-08-08 18:02:07 INFO  class:65 - In QuizServiceImp -> Result
2021-08-08 18:02:07 INFO  class:276 - In QuizDaoImp->Result
2021-08-08 18:02:12 WARN  class:296 - You have an error in your SQL syntax; check the manual that corresponds to your MySQL server version for the right syntax to use near 'quizId=M01' at line 1
2021-08-08 18:04:09 INFO  class:25 - In QuizServiceImp -> checkTeacher
2021-08-08 18:04:09 INFO  class:33 - In QuizDaoImp->checkteacher
2021-08-08 18:04:12 INFO  class:52 - In MainApplication -> For Quiz
2021-08-08 18:04:20 INFO  class:55 - In quizApplication -> Result
2021-08-08 18:04:20 INFO  class:65 - In QuizServiceImp -> Result
2021-08-08 18:04:20 INFO  class:276 - In QuizDaoImp->Result
2021-08-08 18:04:24 WARN  class:296 - Unknown column 'M01' in 'where clause'
2021-08-08 18:04:53 INFO  class:25 - In QuizServiceImp -> checkTeacher
2021-08-08 18:04:53 INFO  class:33 - In QuizDaoImp->checkteacher
2021-08-08 18:04:55 INFO  class:52 - In MainApplication -> For Quiz
2021-08-08 18:04:57 INFO  class:55 - In quizApplication -> Result
2021-08-08 18:04:57 INFO  class:65 - In QuizServiceImp -> Result
2021-08-08 18:04:57 INFO  class:276 - In QuizDaoImp->Result
2021-08-08 18:05:02 WARN  class:296 - Unknown column 'M01' in 'where clause'
2021-08-08 18:06:04 INFO  class:25 - In QuizServiceImp -> checkTeacher
2021-08-08 18:06:04 INFO  class:33 - In QuizDaoImp->checkteacher
2021-08-08 18:06:07 INFO  class:52 - In MainApplication -> For Quiz
2021-08-08 18:06:08 INFO  class:55 - In quizApplication -> Result
2021-08-08 18:06:08 INFO  class:65 - In QuizServiceImp -> Result
2021-08-08 18:06:08 INFO  class:276 - In QuizDaoImp->Result
2021-08-08 18:06:16 WARN  class:296 - Unknown column 'M01' in 'where clause'
2021-08-08 18:10:31 INFO  class:25 - In QuizServiceImp -> checkTeacher
2021-08-08 18:10:31 INFO  class:33 - In QuizDaoImp->checkteacher
2021-08-08 18:10:34 INFO  class:52 - In MainApplication -> For Quiz
2021-08-08 18:10:36 INFO  class:55 - In quizApplication -> Result
2021-08-08 18:10:36 INFO  class:65 - In QuizServiceImp -> Result
2021-08-08 18:10:36 INFO  class:276 - In QuizDaoImp->Result
2021-08-08 18:10:39 WARN  class:303 - Unknown column 'M01' in 'where clause'
2021-08-08 18:14:33 INFO  class:25 - In QuizServiceImp -> checkTeacher
2021-08-08 18:14:33 INFO  class:33 - In QuizDaoImp->checkteacher
2021-08-08 18:14:36 INFO  class:52 - In MainApplication -> For Quiz
2021-08-08 18:14:38 INFO  class:55 - In quizApplication -> Result
2021-08-08 18:14:38 INFO  class:65 - In QuizServiceImp -> Result
2021-08-08 18:14:38 INFO  class:276 - In QuizDaoImp->Result
2021-08-08 18:14:46 INFO  class:60 - In quizApplication -> Back to main
2021-08-08 18:14:46 INFO  class:58 - In MainApplication -> 
